<?xml version="1.0" encoding="UTF-8" ?>
<testsuite tests="5" failures="0" name="com.myannotation.dao.UserDaoTest" time="3.887" errors="0" skipped="1">
  <properties>
    <property name="java.runtime.name" value="Java(TM) SE Runtime Environment"/>
    <property name="sun.boot.library.path" value="C:\LXM\JAVA\jdk1.8.0_121\jre\bin"/>
    <property name="java.vm.version" value="25.121-b13"/>
    <property name="java.vm.vendor" value="Oracle Corporation"/>
    <property name="maven.multiModuleProjectDirectory" value="C:\LXM\JAVA\新建文件夹\SpringAnnotation"/>
    <property name="java.vendor.url" value="http://java.oracle.com/"/>
    <property name="path.separator" value=";"/>
    <property name="guice.disable.misplaced.annotation.check" value="true"/>
    <property name="java.vm.name" value="Java HotSpot(TM) 64-Bit Server VM"/>
    <property name="file.encoding.pkg" value="sun.io"/>
    <property name="user.script" value=""/>
    <property name="user.country" value="CN"/>
    <property name="sun.java.launcher" value="SUN_STANDARD"/>
    <property name="sun.os.patch.level" value=""/>
    <property name="java.vm.specification.name" value="Java Virtual Machine Specification"/>
    <property name="user.dir" value="C:\LXM\JAVA\新建文件夹\SpringAnnotation"/>
    <property name="java.runtime.version" value="1.8.0_121-b13"/>
    <property name="java.awt.graphicsenv" value="sun.awt.Win32GraphicsEnvironment"/>
    <property name="java.endorsed.dirs" value="C:\LXM\JAVA\jdk1.8.0_121\jre\lib\endorsed"/>
    <property name="os.arch" value="amd64"/>
    <property name="java.io.tmpdir" value="C:\Users\lxm67\AppData\Local\Temp\"/>
    <property name="line.separator" value="
"/>
    <property name="java.vm.specification.vendor" value="Oracle Corporation"/>
    <property name="user.variant" value=""/>
    <property name="os.name" value="Windows 10"/>
    <property name="classworlds.conf" value="C:\LXM\JAVA\新建文件夹\.metadata\.plugins\org.eclipse.m2e.launching\launches\m2conf3047579038651898586.tmp"/>
    <property name="sun.jnu.encoding" value="GBK"/>
    <property name="java.library.path" value="C:\LXM\JAVA\jdk1.8.0_121\bin;C:\Windows\Sun\Java\bin;C:\Windows\system32;C:\Windows;C:/LXM/JAVA/jdk1.8.0_121/bin/../jre/bin/server;C:/LXM/JAVA/jdk1.8.0_121/bin/../jre/bin;C:/LXM/JAVA/jdk1.8.0_121/bin/../jre/lib/amd64;C:\Program Files (x86)\Intel\iCLS Client\;C:\Program Files\Intel\iCLS Client\;C:\Windows\system32;C:\Windows;C:\Windows\System32\Wbem;C:\Windows\System32\WindowsPowerShell\v1.0\;C:\Program Files (x86)\Intel\Intel(R) Management Engine Components\DAL;C:\Program Files\Intel\Intel(R) Management Engine Components\DAL;C:\Program Files (x86)\Intel\Intel(R) Management Engine Components\IPT;C:\Program Files\Intel\Intel(R) Management Engine Components\IPT;C:\Program Files (x86)\NVIDIA Corporation\PhysX\Common;C:\Program Files\Intel\WiFi\bin\;C:\Program Files\Common Files\Intel\WirelessCommon\;C:\LXM\JAVA\jdk1.8.0_121\bin;C:\Users\lxm67\AppData\Local\Microsoft\WindowsApps;C:\LXM\JAVA\mysql-5.7.19-winx64\bin;C:\LXM\JAVA\apache-maven-3.5.0\bin;;C:\LXM\JAVA\eclipse;;."/>
    <property name="java.specification.name" value="Java Platform API Specification"/>
    <property name="java.class.version" value="52.0"/>
    <property name="sun.management.compiler" value="HotSpot 64-Bit Tiered Compilers"/>
    <property name="os.version" value="10.0"/>
    <property name="library.jansi.path" value="C:\LXM\JAVA\apache-maven-3.5.0\lib\jansi-native\windows64"/>
    <property name="user.home" value="C:\Users\lxm67"/>
    <property name="user.timezone" value="Asia/Shanghai"/>
    <property name="java.awt.printerjob" value="sun.awt.windows.WPrinterJob"/>
    <property name="java.specification.version" value="1.8"/>
    <property name="file.encoding" value="GBK"/>
    <property name="user.name" value="lxm67"/>
    <property name="java.class.path" value="C:\LXM\JAVA\apache-maven-3.5.0\boot\plexus-classworlds-2.5.2.jar"/>
    <property name="java.vm.specification.version" value="1.8"/>
    <property name="sun.arch.data.model" value="64"/>
    <property name="java.home" value="C:\LXM\JAVA\jdk1.8.0_121\jre"/>
    <property name="sun.java.command" value="org.codehaus.plexus.classworlds.launcher.Launcher -B -gs C:\LXM\JAVA\apache-maven-3.5.0\conf\settings.xml -s C:\LXM\JAVA\apache-maven-3.5.0\conf\settings.xml install"/>
    <property name="java.specification.vendor" value="Oracle Corporation"/>
    <property name="user.language" value="zh"/>
    <property name="awt.toolkit" value="sun.awt.windows.WToolkit"/>
    <property name="java.vm.info" value="mixed mode"/>
    <property name="java.version" value="1.8.0_121"/>
    <property name="java.ext.dirs" value="C:\LXM\JAVA\jdk1.8.0_121\jre\lib\ext;C:\Windows\Sun\Java\lib\ext"/>
    <property name="sun.boot.class.path" value="C:\LXM\JAVA\jdk1.8.0_121\jre\lib\resources.jar;C:\LXM\JAVA\jdk1.8.0_121\jre\lib\rt.jar;C:\LXM\JAVA\jdk1.8.0_121\jre\lib\sunrsasign.jar;C:\LXM\JAVA\jdk1.8.0_121\jre\lib\jsse.jar;C:\LXM\JAVA\jdk1.8.0_121\jre\lib\jce.jar;C:\LXM\JAVA\jdk1.8.0_121\jre\lib\charsets.jar;C:\LXM\JAVA\jdk1.8.0_121\jre\lib\jfr.jar;C:\LXM\JAVA\jdk1.8.0_121\jre\classes"/>
    <property name="java.vendor" value="Oracle Corporation"/>
    <property name="maven.home" value="C:\LXM\JAVA\apache-maven-3.5.0"/>
    <property name="file.separator" value="\"/>
    <property name="java.vendor.url.bug" value="http://bugreport.sun.com/bugreport/"/>
    <property name="sun.cpu.endian" value="little"/>
    <property name="sun.io.unicode.encoding" value="UnicodeLittle"/>
    <property name="sun.desktop" value="windows"/>
    <property name="sun.cpu.isalist" value="amd64"/>
  </properties>
  <testcase classname="com.myannotation.dao.UserDaoTest" name="testStudyDelete" time="0.339"/>
  <testcase classname="com.myannotation.dao.UserDaoTest" name="testStudyInsert" time="0.028"/>
  <testcase classname="com.myannotation.dao.UserDaoTest" name="testStudySelect" time="3.495"/>
  <testcase classname="com.myannotation.dao.UserDaoTest" name="testStudyUpdate" time="0.012"/>
  <testcase classname="com.myannotation.dao.UserDaoTest" name="testStudentName" time="0.013">
    <skipped/>
  </testcase>
</testsuite>